app/build/intermediates/manifest_merge_blame_file/debug/manifest-merger-blame-debug-report.txt
1<?xml version="1.0" encoding="utf-8"?>
2<manifest xmlns:android="http://schemas.android.com/apk/res/android"
3    package="abhi.example.calledid"
4    android:versionCode="1"
5    android:versionName="1.0" >
6
7    <uses-sdk
8        android:minSdkVersion="21"
8-->src/main/AndroidManifest.xml
9        android:targetSdkVersion="31" />
9-->src/main/AndroidManifest.xml
10
11    <uses-permission android:name="android.permission.READ_PHONE_STATE" />
11-->src/main/AndroidManifest.xml:5:5-75
11-->src/main/AndroidManifest.xml:5:22-72
12    <uses-permission android:name="android.permission.READ_CALL_LOG" />
12-->src/main/AndroidManifest.xml:6:5-72
12-->src/main/AndroidManifest.xml:6:22-69
13    <uses-permission android:name="android.permission.SYSTEM_ALERT_WINDOW" />
13-->src/main/AndroidManifest.xml:7:5-78
13-->src/main/AndroidManifest.xml:7:22-75
14
15    <application
15-->src/main/AndroidManifest.xml:9:5-34:19
16        android:allowBackup="true"
16-->src/main/AndroidManifest.xml:10:9-35
17        android:appComponentFactory="androidx.core.app.CoreComponentFactory"
17-->[androidx.core:core:1.7.0] AndroidManifest.xml:24:18-86
18        android:debuggable="true"
19        android:fullBackupContent="@xml/backup_descriptor"
19-->src/main/AndroidManifest.xml:16:9-59
20        android:icon="@mipmap/ic_launcher"
20-->src/main/AndroidManifest.xml:11:9-43
21        android:label="@string/app_name"
21-->src/main/AndroidManifest.xml:12:9-41
22        android:roundIcon="@mipmap/ic_launcher_round"
22-->src/main/AndroidManifest.xml:13:9-54
23        android:supportsRtl="true"
23-->src/main/AndroidManifest.xml:14:9-35
24        android:testOnly="true"
25        android:theme="@style/Theme.CallerId" >
25-->src/main/AndroidManifest.xml:15:9-46
26        <activity
26-->src/main/AndroidManifest.xml:17:9-25:20
27            android:name="abhi.example.calledid.MainActivity"
27-->src/main/AndroidManifest.xml:18:13-62
28            android:exported="true" >
28-->src/main/AndroidManifest.xml:19:13-36
29            <intent-filter>
29-->src/main/AndroidManifest.xml:20:13-24:29
30                <action android:name="android.intent.action.MAIN" />
30-->src/main/AndroidManifest.xml:21:17-69
30-->src/main/AndroidManifest.xml:21:25-66
31
32                <category android:name="android.intent.category.LAUNCHER" />
32-->src/main/AndroidManifest.xml:23:17-77
32-->src/main/AndroidManifest.xml:23:27-74
33            </intent-filter>
34        </activity>
35
36        <receiver
36-->src/main/AndroidManifest.xml:27:9-33:20
37            android:name="abhi.example.calledid.IncomingCallBroadcastReceiver"
37-->src/main/AndroidManifest.xml:27:19-85
38            android:enabled="true"
38-->src/main/AndroidManifest.xml:28:13-35
39            android:exported="true" >
39-->src/main/AndroidManifest.xml:29:13-36
40            <intent-filter>
40-->src/main/AndroidManifest.xml:30:13-32:29
41                <action android:name="android.intent.action.PHONE_STATE" />
41-->src/main/AndroidManifest.xml:31:17-75
41-->src/main/AndroidManifest.xml:31:25-73
42            </intent-filter>
43        </receiver>
44
45        <provider
45-->[androidx.emoji2:emoji2:1.0.0] AndroidManifest.xml:26:9-34:20
46            android:name="androidx.startup.InitializationProvider"
46-->[androidx.emoji2:emoji2:1.0.0] AndroidManifest.xml:27:13-67
47            android:authorities="abhi.example.calledid.androidx-startup"
47-->[androidx.emoji2:emoji2:1.0.0] AndroidManifest.xml:28:13-68
48            android:exported="false" >
48-->[androidx.emoji2:emoji2:1.0.0] AndroidManifest.xml:29:13-37
49            <meta-data
49-->[androidx.emoji2:emoji2:1.0.0] AndroidManifest.xml:31:13-33:52
50                android:name="androidx.emoji2.text.EmojiCompatInitializer"
50-->[androidx.emoji2:emoji2:1.0.0] AndroidManifest.xml:32:17-75
51                android:value="androidx.startup" />
51-->[androidx.emoji2:emoji2:1.0.0] AndroidManifest.xml:33:17-49
52            <meta-data
52-->[androidx.lifecycle:lifecycle-process:2.4.0] AndroidManifest.xml:31:13-33:52
53                android:name="androidx.lifecycle.ProcessLifecycleInitializer"
53-->[androidx.lifecycle:lifecycle-process:2.4.0] AndroidManifest.xml:32:17-78
54                android:value="androidx.startup" />
54-->[androidx.lifecycle:lifecycle-process:2.4.0] AndroidManifest.xml:33:17-49
55        </provider>
56    </application>
57
58</manifest>